<?xml version="1.0" encoding="UTF-8"?>
<!-- Generated by org.testng.reporters.JUnitXMLReporter -->
<testsuite ignored="0" hostname="LAPTOP-HBSAM75G" failures="0" tests="7" name="Default test" time="2.193" errors="0" timestamp="2022-11-14T13:08:00 IST">
  <testcase classname="Testcases.R" name="sendun" time="0.07"/>
  <testcase classname="Testcases.R" name="sendpw" time="0.051"/>
  <testcase classname="Testcases.R" name="clicksub" time="0.085"/>
  <testcase classname="Testcases.R" name="getlandingtitle" time="0.029"/>
  <testcase classname="Testcases.R" name="click1" time="0.037"/>
  <testcase classname="Testcases.R" name="click2" time="0.035"/>
  <testcase classname="Testcases.R" name="click3" time="0.041"/>
</testsuite> <!-- Default test -->
