<?xml version="1.0" encoding="UTF-8"?>
<testng-results ignored="0" total="7" passed="7" failed="0" skipped="0">
  <reporter-output>
  </reporter-output>
  <suite started-at="2022-11-14T13:07:57 IST" name="Default suite" finished-at="2022-11-14T13:08:00 IST" duration-ms="2193">
    <groups>
    </groups>
    <test started-at="2022-11-14T13:07:57 IST" name="Default test" finished-at="2022-11-14T13:08:00 IST" duration-ms="2193">
      <class name="Testcases.R">
        <test-method is-config="true" signature="beforetest()[pri:0, instance:Testcases.R@3d6f0054]" started-at="2022-11-14T13:07:57 IST" name="beforetest" finished-at="2022-11-14T13:07:59 IST" duration-ms="1813" status="PASS">
          <reporter-output>
          </reporter-output>
        </test-method> <!-- beforetest -->
        <test-method signature="sendun()[pri:0, instance:Testcases.R@3d6f0054]" started-at="2022-11-14T13:07:59 IST" name="sendun" finished-at="2022-11-14T13:07:59 IST" duration-ms="70" status="PASS">
          <reporter-output>
          </reporter-output>
        </test-method> <!-- sendun -->
        <test-method signature="sendpw()[pri:1, instance:Testcases.R@3d6f0054]" started-at="2022-11-14T13:07:59 IST" name="sendpw" finished-at="2022-11-14T13:07:59 IST" duration-ms="51" status="PASS">
          <reporter-output>
          </reporter-output>
        </test-method> <!-- sendpw -->
        <test-method signature="clicksub()[pri:2, instance:Testcases.R@3d6f0054]" started-at="2022-11-14T13:07:59 IST" name="clicksub" finished-at="2022-11-14T13:07:59 IST" duration-ms="85" status="PASS">
          <reporter-output>
          </reporter-output>
        </test-method> <!-- clicksub -->
        <test-method signature="getlandingtitle()[pri:3, instance:Testcases.R@3d6f0054]" started-at="2022-11-14T13:07:59 IST" name="getlandingtitle" finished-at="2022-11-14T13:07:59 IST" duration-ms="29" status="PASS">
          <reporter-output>
          </reporter-output>
        </test-method> <!-- getlandingtitle -->
        <test-method signature="click1()[pri:4, instance:Testcases.R@3d6f0054]" started-at="2022-11-14T13:07:59 IST" name="click1" finished-at="2022-11-14T13:07:59 IST" duration-ms="37" status="PASS">
          <reporter-output>
          </reporter-output>
        </test-method> <!-- click1 -->
        <test-method signature="click2()[pri:5, instance:Testcases.R@3d6f0054]" started-at="2022-11-14T13:07:59 IST" name="click2" finished-at="2022-11-14T13:07:59 IST" duration-ms="35" status="PASS">
          <reporter-output>
          </reporter-output>
        </test-method> <!-- click2 -->
        <test-method signature="click3()[pri:6, instance:Testcases.R@3d6f0054]" started-at="2022-11-14T13:07:59 IST" name="click3" finished-at="2022-11-14T13:07:59 IST" duration-ms="41" status="PASS">
          <reporter-output>
          </reporter-output>
        </test-method> <!-- click3 -->
      </class> <!-- Testcases.R -->
    </test> <!-- Default test -->
  </suite> <!-- Default suite -->
</testng-results>
